<?xml version="1.0" encoding="UTF-8"?>
<testsuite xmlns:xsi="http://www.w3.org/2001/XMLSchema-instance" xsi:noNamespaceSchemaLocation="https://maven.apache.org/surefire/maven-surefire-plugin/xsd/surefire-test-report.xsd" name="Избранные курсы" time="49.73" tests="1" errors="0" skipped="0" failures="0">
  <properties/>
  <testcase name="Клик на плитку курса стартующего раньше всех" classname="Избранные курсы" time="49.727"/>
</testsuite>